<?xml version="1.0" encoding="UTF-8"?>
<!-- Generated by org.testng.reporters.JUnitReportReporter -->
<testsuite hostname="DESKTOP-1PHE2Q8" failures="0" tests="1" name="Cucumber.TestNGTestRunner" time="14.640" errors="0" timestamp="2024-06-05T00:32:39 IST" skipped="0">
  <testcase classname="Cucumber.TestNGTestRunner" name="runScenario" time="14.640"/>
</testsuite> <!-- Cucumber.TestNGTestRunner -->
