<?xml version="1.0" encoding="UTF-8"?>
<!-- Generated by org.testng.reporters.JUnitReportReporter -->
<testsuite hostname="DESKTOP-1PHE2Q8" failures="0" tests="3" name="rahulshettyacademy.tests.SubmitOrderTest" time="46.349" errors="0" timestamp="2024-06-02T02:02:07 IST" skipped="0">
  <testcase classname="rahulshettyacademy.tests.SubmitOrderTest" name="submitOrder" time="20.815"/>
  <testcase classname="rahulshettyacademy.tests.SubmitOrderTest" name="submitOrder" time="16.915"/>
  <testcase classname="rahulshettyacademy.tests.SubmitOrderTest" name="verifyOrder" time="8.619"/>
</testsuite> <!-- rahulshettyacademy.tests.SubmitOrderTest -->
