<?xml version="1.0" encoding="UTF-8"?>
<!-- Generated by org.testng.reporters.JUnitReportReporter -->
<testsuite hostname="DESKTOP-1PHE2Q8" failures="0" tests="1" name="rahulshettyacademy.tests.ErrorValidations" time="11.119" errors="0" timestamp="2024-05-28T02:12:07 IST" skipped="0">
  <testcase classname="rahulshettyacademy.tests.ErrorValidations" name="submitOrder" time="11.119"/>
</testsuite> <!-- rahulshettyacademy.tests.ErrorValidations -->
