<?xml version="1.0" encoding="UTF-8"?>
<!-- Generated by org.testng.reporters.JUnitReportReporter -->
<testsuite hostname="DESKTOP-1PHE2Q8" failures="0" tests="1" name="Cucumber.TestNGTestRunner" time="53.093" errors="0" timestamp="2024-06-05T00:46:01 IST" skipped="0">
  <testcase classname="Cucumber.TestNGTestRunner" name="runScenario" time="53.093"/>
</testsuite> <!-- Cucumber.TestNGTestRunner -->
