<?xml version="1.0" encoding="UTF-8"?>
<!-- Generated by org.testng.reporters.JUnitReportReporter -->
<testsuite hostname="DESKTOP-1PHE2Q8" failures="0" tests="1" name="rahulshettyacademy.tests.ErrorValidationsTest" time="25.911" errors="0" timestamp="2024-06-03T02:01:08 IST" skipped="0">
  <testcase classname="rahulshettyacademy.tests.ErrorValidationsTest" name="LoginErrorValidation" time="25.911"/>
</testsuite> <!-- rahulshettyacademy.tests.ErrorValidationsTest -->
