<?xml version="1.0" encoding="UTF-8"?>
<!-- Generated by org.testng.reporters.JUnitReportReporter -->
<testsuite hostname="DESKTOP-1PHE2Q8" failures="0" tests="2" name="rahulshettyacademy.tests.SubmitOrderTest" time="34.136" errors="0" timestamp="2024-06-03T01:21:19 IST" skipped="0">
  <testcase classname="rahulshettyacademy.tests.SubmitOrderTest" name="submitOrder" time="15.336"/>
  <testcase classname="rahulshettyacademy.tests.SubmitOrderTest" name="submitOrder" time="18.800"/>
</testsuite> <!-- rahulshettyacademy.tests.SubmitOrderTest -->
